c:\users\johan\documents\github\gtech3_multithreading\code\whack_a_thread\whack_a_thread\debug\vc142.pdb
c:\users\johan\documents\github\gtech3_multithreading\code\whack_a_thread\whack_a_thread\debug\vc142.idb
c:\users\johan\documents\github\gtech3_multithreading\code\whack_a_thread\whack_a_thread\debug\whack_a_thread.obj
c:\users\johan\documents\github\gtech3_multithreading\code\whack_a_thread\debug\whack_a_thread.pdb
c:\users\johan\documents\github\gtech3_multithreading\code\whack_a_thread\whack_a_thread\debug\whack_a_thread.tlog\cl.command.1.tlog
c:\users\johan\documents\github\gtech3_multithreading\code\whack_a_thread\whack_a_thread\debug\whack_a_thread.tlog\cl.read.1.tlog
c:\users\johan\documents\github\gtech3_multithreading\code\whack_a_thread\whack_a_thread\debug\whack_a_thread.tlog\cl.write.1.tlog
c:\users\johan\documents\github\gtech3_multithreading\code\whack_a_thread\whack_a_thread\debug\whack_a_thread.tlog\link-cvtres.read.1.tlog
c:\users\johan\documents\github\gtech3_multithreading\code\whack_a_thread\whack_a_thread\debug\whack_a_thread.tlog\link-cvtres.write.1.tlog
c:\users\johan\documents\github\gtech3_multithreading\code\whack_a_thread\whack_a_thread\debug\whack_a_thread.tlog\link-rc.read.1.tlog
c:\users\johan\documents\github\gtech3_multithreading\code\whack_a_thread\whack_a_thread\debug\whack_a_thread.tlog\link-rc.write.1.tlog
c:\users\johan\documents\github\gtech3_multithreading\code\whack_a_thread\whack_a_thread\debug\whack_a_thread.tlog\link.25056-cvtres.read.1.tlog
c:\users\johan\documents\github\gtech3_multithreading\code\whack_a_thread\whack_a_thread\debug\whack_a_thread.tlog\link.25056-cvtres.write.1.tlog
c:\users\johan\documents\github\gtech3_multithreading\code\whack_a_thread\whack_a_thread\debug\whack_a_thread.tlog\link.25056-rc.read.1.tlog
c:\users\johan\documents\github\gtech3_multithreading\code\whack_a_thread\whack_a_thread\debug\whack_a_thread.tlog\link.25056-rc.write.1.tlog
c:\users\johan\documents\github\gtech3_multithreading\code\whack_a_thread\whack_a_thread\debug\whack_a_thread.tlog\link.25056.read.1.tlog
c:\users\johan\documents\github\gtech3_multithreading\code\whack_a_thread\whack_a_thread\debug\whack_a_thread.tlog\link.25056.write.1.tlog
c:\users\johan\documents\github\gtech3_multithreading\code\whack_a_thread\whack_a_thread\debug\whack_a_thread.tlog\link.command.1.tlog
c:\users\johan\documents\github\gtech3_multithreading\code\whack_a_thread\whack_a_thread\debug\whack_a_thread.tlog\link.read.1.tlog
c:\users\johan\documents\github\gtech3_multithreading\code\whack_a_thread\whack_a_thread\debug\whack_a_thread.tlog\link.write.1.tlog
